<?xml version="1.0" encoding="UTF-8"?>
<!-- Generated by org.testng.reporters.JUnitReportReporter -->
<testsuite skipped="0" hostname="MPALVAY-IN" name="com.crossover.e2e.GMailTest" tests="1" failures="0" timestamp="2019-12-23T03:16:30 IST" time="38.339" errors="0">
  <testcase name="testSendEmail" time="38.339" classname="com.crossover.e2e.GMailTest"/>
</testsuite> <!-- com.crossover.e2e.GMailTest -->
